<?xml version="1.0" encoding="UTF-8"?>
<!-- Generated by org.testng.reporters.JUnitReportReporter -->
<testsuite hostname="LAPTOP-0AE5AE9K" failures="0" tests="6" name="com.juaracoding.healthcare.runners.RunnerTest" time="72.890" errors="0" timestamp="2025-08-10T21:36:03 ICT" skipped="0">
  <testcase classname="com.juaracoding.healthcare.runners.RunnerTest" name="runScenario" time="10.910"/>
  <testcase classname="com.juaracoding.healthcare.runners.RunnerTest" name="runScenario" time="16.174"/>
  <testcase classname="com.juaracoding.healthcare.runners.RunnerTest" name="runScenario" time="11.565"/>
  <testcase classname="com.juaracoding.healthcare.runners.RunnerTest" name="runScenario" time="11.272"/>
  <testcase classname="com.juaracoding.healthcare.runners.RunnerTest" name="runScenario" time="11.491"/>
  <testcase classname="com.juaracoding.healthcare.runners.RunnerTest" name="runScenario" time="11.478"/>
</testsuite> <!-- com.juaracoding.healthcare.runners.RunnerTest -->
